<?xml version="1.0" encoding="UTF-8"?>
<!-- Generated by org.testng.reporters.JUnitReportReporter -->
<testsuite hostname="vtest-PC" name="com.selenium.test.LaunchTest" tests="1" failures="0" timestamp="9 Jun 2017 10:10:44 GMT" time="4.492" errors="0">
  <testcase name="launchBrowser" time="4.492" classname="com.selenium.test.LaunchTest"/>
</testsuite> <!-- com.selenium.test.LaunchTest -->
